jee
a
success
jee
a
success
jee
a
success
jee
a
success
jee
a
success
jee
a
no exams found
jee
a
success
jee
a
success
no exams found
success
success
success
success
success
success
success
success
success
success
success
success
success
success
success
success
success
success
success
success
success
success
success
success
success
success
success
success
success
success
success
success
success
success
success
success
success
success
success
Notification sent successfully: { status: 1, request: 'c7147c21-49e6-4b39-8517-ddace813b11f' }
success
Notification sent successfully: { status: 1, request: 'e70da43d-5ca1-4b3c-96b5-4708068202b4' }
success
Notification sent successfully: { status: 1, request: '67c3ac08-0e41-4e61-86c1-ca710e9b5954' }
success
Notification sent successfully: { status: 1, request: '7c4f66ce-346c-4519-ab56-5105b40d87b6' }
success
Notification sent successfully: { status: 1, request: '28e3e226-e8e1-451d-ac52-e3769b276aaa' }
success
Notification sent successfully: { status: 1, request: '7b57a8e1-2f11-41d1-9a81-74f5dda2a87c' }
success
Notification sent successfully: { status: 1, request: 'd9e906d0-1f6d-4d6a-bb84-b38c7cb7d7c6' }
success
success
success
success
success
success
success
success
success
success
success
success
success
success
success
success
success
success
success
success
success
success
success
success
success
success
success
success
success
success
success
success
success
success
success
success
success
success
success
success
success
success
success
success
success
success
success
success
success
success
success
success
success
success
success
success
success
success
success
success
success
success
success
success
success
success
success
success
success
success
success
success
success
success
success
success
success
success
success
success
success
success
success
success
success
success
success
success
success
success
success
success
success
success
success
success
success
success
success
success
success
success
success
success
success
success
success
success
success
success
success
success
success
success
success
success
success
success
success
success
success
success
success
success
success
success
success
success
success
success
success
success
success
success
success
Notification sent successfully: { status: 1, request: '67e66c5f-29be-498c-8e67-c3a1d97d9fa4' }
success
success
success
success
success
success
success
success
success
success
success
success
success
success
success
success
success
success
success
success
success
success
success
success
success
success
success
success
success
success
success
success
success
success
success
success
success
success
success
success
success
success
success
success
success
success
success
success
success
success
success
success
success
success
success
success
success
success
success
success
success
success
success
success
success
